# JRE version: Java(TM) SE Runtime Environment (8.0_92-b14) (build 1.8.0_92-b14)
# Java VM: Java HotSpot(TM) Client VM (25.92-b14 mixed mode windows-x86 )
Heap:
 def new generation   total 17152K, used 415K [0x04800000, 0x05a90000, 0x09d50000)
  eden space 15296K,   0% used [0x04800000, 0x04800000, 0x056f0000)
  from space 1856K,  22% used [0x058c0000, 0x05927f18, 0x05a90000)
  to   space 1856K,   0% used [0x056f0000, 0x056f0000, 0x058c0000)
 tenured generation   total 38432K, used 38412K [0x09d50000, 0x0c2d8000, 0x14800000)
   the space 38432K,  99% used [0x09d50000, 0x0c2d3180, 0x0c2d3200, 0x0c2d8000)
 Metaspace       used 46749K, capacity 48209K, committed 48256K, reserved 48512K
GC Heap History (10 events):
Event: 622.490 GC heap after
Heap after GC invocations=301 (full 4):
 def new generation   total 17152K, used 1570K [0x04800000, 0x05a90000, 0x09d50000)
  eden space 15296K,   0% used [0x04800000, 0x04800000, 0x056f0000)
  from space 1856K,  84% used [0x056f0000, 0x05878860, 0x058c0000)
  to   space 1856K,   0% used [0x058c0000, 0x058c0000, 0x05a90000)
 tenured generation   total 37936K, used 37497K [0x09d50000, 0x0c25c000, 0x14800000)
   the space 37936K,  98% used [0x09d50000, 0x0c1ee608, 0x0c1ee800, 0x0c25c000)
 Metaspace       used 46749K, capacity 48209K, committed 48256K, reserved 48512K
}
Event: 622.531 GC heap before
{Heap before GC invocations=301 (full 4):
 def new generation   total 17152K, used 16866K [0x04800000, 0x05a90000, 0x09d50000)
  eden space 15296K, 100% used [0x04800000, 0x056f0000, 0x056f0000)
  from space 1856K,  84% used [0x056f0000, 0x05878860, 0x058c0000)
  to   space 1856K,   0% used [0x058c0000, 0x058c0000, 0x05a90000)
 tenured generation   total 37936K, used 37497K [0x09d50000, 0x0c25c000, 0x14800000)
   the space 37936K,  98% used [0x09d50000, 0x0c1ee608, 0x0c1ee800, 0x0c25c000)
 Metaspace       used 46749K, capacity 48209K, committed 48256K, reserved 48512K
Event: 622.535 GC heap after
Heap after GC invocations=302 (full 4):
 def new generation   total 17152K, used 43K [0x04800000, 0x05a90000, 0x09d50000)
  eden space 15296K,   0% used [0x04800000, 0x04800000, 0x056f0000)
  from space 1856K,   2% used [0x058c0000, 0x058cacc8, 0x05a90000)
  to   space 1856K,   0% used [0x056f0000, 0x056f0000, 0x058c0000)
 tenured generation   total 37936K, used 37787K [0x09d50000, 0x0c25c000, 0x14800000)
   the space 37936K,  99% used [0x09d50000, 0x0c236dc8, 0x0c236e00, 0x0c25c000)
 Metaspace       used 46749K, capacity 48209K, committed 48256K, reserved 48512K
}
Event: 622.646 GC heap before
{Heap before GC invocations=302 (full 4):
 def new generation   total 17152K, used 15339K [0x04800000, 0x05a90000, 0x09d50000)
  eden space 15296K, 100% used [0x04800000, 0x056f0000, 0x056f0000)
  from space 1856K,   2% used [0x058c0000, 0x058cacc8, 0x05a90000)
  to   space 1856K,   0% used [0x056f0000, 0x056f0000, 0x058c0000)
 tenured generation   total 37936K, used 37787K [0x09d50000, 0x0c25c000, 0x14800000)
   the space 37936K,  99% used [0x09d50000, 0x0c236dc8, 0x0c236e00, 0x0c25c000)
 Metaspace       used 46749K, capacity 48209K, committed 48256K, reserved 48512K
Event: 622.649 GC heap after
Heap after GC invocations=303 (full 4):
 def new generation   total 17152K, used 36K [0x04800000, 0x05a90000, 0x09d50000)
  eden space 15296K,   0% used [0x04800000, 0x04800000, 0x056f0000)
  from space 1856K,   1% used [0x056f0000, 0x056f93a0, 0x058c0000)
  to   space 1856K,   0% used [0x058c0000, 0x058c0000, 0x05a90000)
 tenured generation   total 37936K, used 37787K [0x09d50000, 0x0c25c000, 0x14800000)
   the space 37936K,  99% used [0x09d50000, 0x0c236dc8, 0x0c236e00, 0x0c25c000)
 Metaspace       used 46749K, capacity 48209K, committed 48256K, reserved 48512K
}
Event: 622.924 GC heap before
{Heap before GC invocations=303 (full 4):
 def new generation   total 17152K, used 15332K [0x04800000, 0x05a90000, 0x09d50000)
  eden space 15296K, 100% used [0x04800000, 0x056f0000, 0x056f0000)
  from space 1856K,   1% used [0x056f0000, 0x056f93a0, 0x058c0000)
  to   space 1856K,   0% used [0x058c0000, 0x058c0000, 0x05a90000)
 tenured generation   total 37936K, used 37787K [0x09d50000, 0x0c25c000, 0x14800000)
   the space 37936K,  99% used [0x09d50000, 0x0c236dc8, 0x0c236e00, 0x0c25c000)
 Metaspace       used 46749K, capacity 48209K, committed 48256K, reserved 48512K
Event: 622.930 GC heap after
Heap after GC invocations=304 (full 4):
 def new generation   total 17152K, used 194K [0x04800000, 0x05a90000, 0x09d50000)
  eden space 15296K,   0% used [0x04800000, 0x04800000, 0x056f0000)
  from space 1856K,  10% used [0x058c0000, 0x058f0878, 0x05a90000)
  to   space 1856K,   0% used [0x056f0000, 0x056f0000, 0x058c0000)
 tenured generation   total 37936K, used 37787K [0x09d50000, 0x0c25c000, 0x14800000)
   the space 37936K,  99% used [0x09d50000, 0x0c236dc8, 0x0c236e00, 0x0c25c000)
 Metaspace       used 46749K, capacity 48209K, committed 48256K, reserved 48512K
}
Event: 624.131 GC heap before
{Heap before GC invocations=304 (full 4):
 def new generation   total 17152K, used 15401K [0x04800000, 0x05a90000, 0x09d50000)
  eden space 15296K,  99% used [0x04800000, 0x056d9c98, 0x056f0000)
  from space 1856K,  10% used [0x058c0000, 0x058f0878, 0x05a90000)
  to   space 1856K,   0% used [0x056f0000, 0x056f0000, 0x058c0000)
 tenured generation   total 37936K, used 37787K [0x09d50000, 0x0c25c000, 0x14800000)
   the space 37936K,  99% used [0x09d50000, 0x0c236dc8, 0x0c236e00, 0x0c25c000)
 Metaspace       used 46749K, capacity 48209K, committed 48256K, reserved 48512K
Event: 624.135 GC heap after
Heap after GC invocations=305 (full 4):
 def new generation   total 17152K, used 1151K [0x04800000, 0x05a90000, 0x09d50000)
  eden space 15296K,   0% used [0x04800000, 0x04800000, 0x056f0000)
  from space 1856K,  62% used [0x056f0000, 0x0580fe78, 0x058c0000)
  to   space 1856K,   0% used [0x058c0000, 0x058c0000, 0x05a90000)
 tenured generation   total 37936K, used 37787K [0x09d50000, 0x0c25c000, 0x14800000)
   the space 37936K,  99% used [0x09d50000, 0x0c236dc8, 0x0c236e00, 0x0c25c000)
 Metaspace       used 46749K, capacity 48209K, committed 48256K, reserved 48512K
}
Event: 624.166 GC heap before
{Heap before GC invocations=305 (full 4):
 def new generation   total 17152K, used 16202K [0x04800000, 0x05a90000, 0x09d50000)
  eden space 15296K,  98% used [0x04800000, 0x056b2ca8, 0x056f0000)
  from space 1856K,  62% used [0x056f0000, 0x0580fe78, 0x058c0000)
  to   space 1856K,   0% used [0x058c0000, 0x058c0000, 0x05a90000)
 tenured generation   total 37936K, used 37787K [0x09d50000, 0x0c25c000, 0x14800000)
   the space 37936K,  99% used [0x09d50000, 0x0c236dc8, 0x0c236e00, 0x0c25c000)
 Metaspace       used 46749K, capacity 48209K, committed 48256K, reserved 48512K

